<?xml version="1.0" encoding="UTF-8"?>
<testsuite name="org.example.YmlReaderTest" tests="1" skipped="0" failures="0" errors="0" timestamp="2023-03-09T02:08:24" hostname="HAE-L1193687001" time="0.017">
  <properties/>
  <testcase name="object()" classname="org.example.YmlReaderTest" time="0.017"/>
  <system-out><![CDATA[1
123
]]></system-out>
  <system-err><![CDATA[]]></system-err>
</testsuite>
